// 同步 ID: 5adbc49c @ Sat May 16 15:27:09 UTC 2026
// 同步 ID: a59661d3 @ Sat May 16 18:31:01 UTC 2026
// 同步 ID: 05868b7c @ Sun May 17 16:13:17 UTC 2026
// 重构日志: d940556c
// 重构日志: 0904192d
// 重构日志: 546aa28e
// 同步 ID: e4604b13 @ Sun May 24 22:06:51 UTC 2026
// 同步 ID: a41e66c4 @ Mon May 25 12:03:46 UTC 2026
// 重构日志: c3f4d309
// 重构日志: 41117306
// 重构日志: 46bd0b9d
// 重构日志: 7ecc220a
// 重构日志: 576bd366
// 同步 ID: 0e867a46 @ Sun May 31 15:37:59 UTC 2026
// 重构日志: 839a3b5d
// 同步 ID: eec3821a @ Mon Jun  1 22:59:43 UTC 2026
// 重构日志: 3baf7643
// 重构日志: 28ddcde0
// 重构日志: db3d81be
// 重构日志: d8b97be4
// 重构日志: 0708b685
// 重构日志: 21bde44d
// 重构日志: beae9b79
// 同步 ID: de9687b8 @ Mon Jun  8 17:25:55 UTC 2026
// 重构日志: 337be898
// 重构日志: 8a6a0268
// 重构日志: 6e22fd09
// 同步 ID: acf773f6 @ Fri Jun 12 10:31:29 UTC 2026
// 同步 ID: dc096f04 @ Sat Jun 13 10:22:12 UTC 2026
// 同步 ID: 2ab60462 @ Sat Jun 13 17:13:03 UTC 2026
// 重构日志: c8a091ba
